2026-03-10 12:29:21,423 - INFO - Nova OPERACAO realizada
2026-03-10 12:29:21,424 - INFO - 232 + 423 = 655
2026-03-10 12:29:36,873 - INFO - Nova OPERACAO realizada
2026-03-10 12:29:36,873 - INFO - 242 + 324 = 566
2026-03-10 12:30:46,866 - INFO - Nova OPERACAO realizada
2026-03-10 12:30:46,866 - INFO - 2 + 42 = 44
2026-03-10 12:30:56,644 - INFO - Nova OPERACAO realizada
2026-03-10 12:30:56,644 - INFO - 24232 + 4243 = 19989
2026-03-10 12:36:14,476 - INFO - Nova OPERACAO realizada
2026-03-10 12:36:14,477 - INFO - 232 + 42 = 274
2026-03-10 12:41:13,073 - INFO - Nova OPERACAO realizada
2026-03-10 12:41:13,074 - INFO - 23 + 42 = 65
2026-03-10 12:46:41,818 - INFO - Nova OPERACAO realizada
2026-03-10 12:46:41,818 - INFO - 23 + 2 = 25
2026-03-10 12:49:57,285 - INFO - Nova OPERACAO realizada
2026-03-10 12:49:57,285 - INFO - 1 + 2 = -1
2026-03-10 12:50:04,064 - INFO - Nova OPERACAO realizada
2026-03-10 12:50:04,064 - INFO - 2 + 1 = 2.0
2026-03-10 12:50:57,634 - INFO - Nova OPERACAO realizada
2026-03-10 12:50:57,635 - INFO - 23 + 23 = 46
2026-03-10 12:51:04,581 - INFO - Nova OPERACAO realizada
2026-03-10 12:51:04,581 - INFO - 23 + 42 = 1558005952997140033806173725098810522409738596181909282129
2026-03-10 12:51:17,341 - INFO - Nova alteracao no HISTORICO
2026-03-10 12:51:17,341 - INFO - Foi alterado a OPCAO: 2
2026-03-10 12:51:20,540 - INFO - Nova alteracao no HISTORICO
2026-03-10 12:51:20,540 - INFO - Foi alterado a OPCAO: 4
2026-03-10 12:51:23,471 - INFO - Nova alteracao no HISTORICO
2026-03-10 12:51:23,472 - INFO - Foi alterado a OPCAO: 5
2026-03-10 12:52:01,790 - INFO - Nova alteracao no HISTORICO
2026-03-10 12:52:01,790 - INFO - Foi alterado a OPCAO: 2
2026-03-10 12:52:04,145 - INFO - Nova alteracao no HISTORICO
2026-03-10 12:52:04,145 - INFO - Foi alterado a OPCAO: 3
2026-03-10 13:20:08,028 - INFO - Nova OPERACAO realizada
2026-03-10 13:20:08,028 - INFO - 232 + 42 = 274
2026-03-10 13:21:14,920 - INFO - Nova OPERACAO realizada
2026-03-10 13:21:14,920 - INFO - 242 + 42 = 284
2026-03-10 13:23:09,582 - INFO - Nova OPERACAO realizada
2026-03-10 13:23:09,582 - INFO - 2324 + 24 = 2348
2026-03-10 13:23:42,154 - INFO - Nova OPERACAO realizada
2026-03-10 13:23:42,155 - INFO - 23 + 242 = 265
2026-03-10 13:24:59,195 - INFO - Nova OPERACAO realizada
2026-03-10 13:24:59,195 - INFO - 232 + 42 = 274
2026-03-10 13:26:37,426 - INFO - Nova OPERACAO realizada
2026-03-10 13:26:37,426 - INFO - 232 + 42 = 274
2026-03-10 13:26:56,760 - INFO - Nova OPERACAO realizada
2026-03-10 13:26:56,760 - INFO - 232 + 42 = 274
2026-03-10 13:27:06,034 - INFO - Nova alteracao no HISTORICO
2026-03-10 13:27:06,035 - INFO - Foi alterado a OPCAO: 2
2026-03-10 13:27:07,412 - INFO - Nova alteracao no HISTORICO
2026-03-10 13:27:07,412 - INFO - Foi alterado a OPCAO: 3
2026-03-10 13:27:08,763 - INFO - Nova alteracao no HISTORICO
2026-03-10 13:27:08,763 - INFO - Foi alterado a OPCAO: 4
